{
  "RSpec": {
    "coverage": {
      "/Users/liz/ada-class/homework/mailchimp/config/environment.rb": [
        null,
        1,
        null,
        null,
        1
      ],
      "/Users/liz/ada-class/homework/mailchimp/config/application.rb": [
        1,
        null,
        1,
        null,
        null,
        null,
        1,
        null,
        1,
        1,
        null,
        null
      ],
      "/Users/liz/ada-class/homework/mailchimp/config/boot.rb": [
        null,
        1,
        null,
        1
      ],
      "/Users/liz/ada-class/homework/mailchimp/config/environments/test.rb": [
        1,
        null,
        null,
        null,
        null,
        null,
        null,
        1,
        null,
        null,
        null,
        null,
        1,
        null,
        null,
        1,
        1,
        null,
        null,
        1,
        1,
        null,
        null,
        1,
        null,
        null,
        1,
        null,
        null,
        null,
        null,
        1,
        null,
        null,
        1,
        null
      ],
      "/Users/liz/ada-class/homework/mailchimp/config/initializers/backtrace_silencers.rb": [

      ],
      "/Users/liz/ada-class/homework/mailchimp/config/initializers/filter_parameter_logging.rb": [
        null,
        null,
        1
      ],
      "/Users/liz/ada-class/homework/mailchimp/config/initializers/inflections.rb": [
        null,
        null,
        null,
        null,
        null,
        null,
        null,
        null,
        null,
        null,
        null,
        null,
        null,
        null,
        null,
        null
      ],
      "/Users/liz/ada-class/homework/mailchimp/config/initializers/mime_types.rb": [
        null,
        null,
        null,
        null,
        null
      ],
      "/Users/liz/ada-class/homework/mailchimp/config/initializers/secret_token.rb": [
        null,
        null,
        null,
        null,
        null,
        null,
        null,
        null,
        null,
        null,
        null,
        1
      ],
      "/Users/liz/ada-class/homework/mailchimp/config/initializers/session_store.rb": [
        null,
        null,
        1
      ],
      "/Users/liz/ada-class/homework/mailchimp/config/initializers/wrap_parameters.rb": [
        null,
        null,
        null,
        null,
        null,
        null,
        1,
        1,
        null,
        null,
        null,
        null,
        null,
        null
      ],
      "/Users/liz/ada-class/homework/mailchimp/config/routes.rb": [
        1,
        1,
        1,
        null
      ],
      "/Users/liz/ada-class/homework/mailchimp/app/helpers/application_helper.rb": [
        1,
        null
      ],
      "/Users/liz/ada-class/homework/mailchimp/app/helpers/mcsubscribe_helper.rb": [
        1,
        null
      ],
      "/Users/liz/ada-class/homework/mailchimp/app/controllers/mcsubscribe_controller.rb": [
        null,
        1,
        1,
        null,
        null,
        1,
        1,
        0,
        null,
        0,
        0,
        0,
        0,
        null,
        0,
        0,
        0,
        null,
        null,
        0,
        0,
        null,
        null,
        0,
        0,
        0,
        null,
        null,
        0,
        0,
        null,
        null,
        null,
        null,
        0,
        0,
        null,
        null,
        null,
        null
      ],
      "/Users/liz/ada-class/homework/mailchimp/app/controllers/application_controller.rb": [
        1,
        1,
        null,
        null,
        null,
        1,
        1,
        null,
        1,
        3,
        3,
        null,
        null
      ]
    },
    "timestamp": 1388970522
  }
}
